Started at Sat Feb 17 05:43:00 UTC 2024
Processing prochat
Offering prochat to Project Build Discarder
Processing prochat_project
Offering prochat_project to Project Build Discarder
Finished at Sat Feb 17 05:43:00 UTC 2024. 30ms
Started at Sat Feb 17 06:43:00 UTC 2024
Processing prochat
Offering prochat to Project Build Discarder
Processing prochat_project
Offering prochat_project to Project Build Discarder
Finished at Sat Feb 17 06:43:00 UTC 2024. 33ms
Started at Sat Feb 17 07:43:00 UTC 2024
Processing batch_prochat
Offering batch_prochat to Project Build Discarder
Finished at Sat Feb 17 07:43:00 UTC 2024. 14ms
Started at Sat Feb 17 08:43:00 UTC 2024
Processing batch_prochat
Offering batch_prochat to Project Build Discarder
Finished at Sat Feb 17 08:43:00 UTC 2024. 10ms
Started at Sat Feb 17 09:43:00 UTC 2024
Processing batch_prochat
Offering batch_prochat to Project Build Discarder
Finished at Sat Feb 17 09:43:00 UTC 2024. 20ms
Started at Sat Feb 17 16:06:05 UTC 2024
Processing batch_prochat
Offering batch_prochat to Project Build Discarder
Finished at Sat Feb 17 16:06:06 UTC 2024. 28ms
